#
# A fatal error has been detected by the Java Runtime Environment:
#
#  EXCEPTION_ACCESS_VIOLATION (0xc0000005) at pc=0x00007ffb3a3b56d4, pid=14000, tid=14160
#
# JRE version:  (11.0.16.1+1) (build )
# Java VM: OpenJDK 64-Bit Server VM (11.0.16.1+1, mixed mode, tiered, compressed oops, g1 gc, windows-amd64)
# Problematic frame:
# V  [jvm.dll+0x4f56d4]
#
# No core dump will be written. Minidumps are not enabled by default on client versions of Windows
#
#

---------------  S U M M A R Y ------------

Command Line: -Xmx64m -Xms64m -Dorg.gradle.appname=gradlew org.gradle.wrapper.GradleWrapperMain app:installDebug -PreactNativeDevServerPort=8081

Host: Intel(R) Core(TM) i7-8650U CPU @ 1.90GHz, 8 cores, 15G,  Windows 10 , 64 bit Build 19041 (10.0.19041.1202)
Time: Sun Sep 25 14:17:31 2022 SE Asia Standard Time elapsed time: 0.092146 seconds (0d 0h 0m 0s)

---------------  T H R E A D  ---------------

Current thread (0x00000173e6802800):  JavaThread "Unknown thread" [_thread_in_vm, id=14160, stack(0x00000045efd00000,0x00000045efe00000)]

Stack: [0x00000045efd00000,0x00000045efe00000],  sp=0x00000045efdfe740,  free space=1017k
Native frames: (J=compiled Java code, j=interpreted, Vv=VM code, C=native code)
V  [jvm.dll+0x4f56d4]
V  [jvm.dll+0x4f4661]
V  [jvm.dll+0x4f4281]
V  [jvm.dll+0x1d0d3f]
V  [jvm.dll+0x1c4f82]
V  [jvm.dll+0x4f3685]
V  [jvm.dll+0x1d68c0]
V  [jvm.dll+0x7436a3]
V  [jvm.dll+0x744a71]
V  [jvm.dll+0x74531f]
V  [jvm.dll+0x7428cb]
V  [jvm.dll+0x7854ba]
V  [jvm.dll+0x787058]
V  [jvm.dll+0x35f8d0]
V  [jvm.dll+0x7688c0]
V  [jvm.dll+0x3cd3bf]
V  [jvm.dll+0x3cf751]
C  [jli.dll+0x5207]
C  [ucrtbase.dll+0x21bb2]
C  [KERNEL32.DLL+0x17034]
C  [ntdll.dll+0x52651]


siginfo: EXCEPTION_ACCESS_VIOLATION (0xc0000005), reading address 0x00000000000001db


Registers:
RAX=0x0000000000000005, RBX=0x0000000100001000, RCX=0x0000000000000173, RDX=0x00000173fedf3cb8
RSP=0x00000045efdfe740, RBP=0x00000173e6806ef0, RSI=0x00000045efdfec08, RDI=0x0000000000000000
R8 =0x0000000000000000, R9 =0x00000173fedf366c, R10=0x00000173fedf3cb8, R11=0x00000173fedf4400
R12=0x0000000000000005, R13=0x0000000100001000, R14=0x00000173fedf36a0, R15=0x00000173fedf3640
RIP=0x00007ffb3a3b56d4, EFLAGS=0x0000000000010246

Top of Stack: (sp=0x00000045efdfe740)
0x00000045efdfe740:   00000173e6806250 0000000000000037
0x00000045efdfe750:   00000045efdfe800 00007ffb3a3b58a4
0x00000045efdfe760:   0000000000000001 0000000000000001
0x00000045efdfe770:   00000173e6806ef0 00007ffb3a3b4661
0x00000045efdfe780:   00000045efdfe850 00000173e6806ef0
0x00000045efdfe790:   00000045efdfec08 00000173e46691f0
0x00000045efdfe7a0:   00000173fed10a00 00000000000083b0
0x00000045efdfe7b0:   00000173e6806fb0 00000173e680e238
0x00000045efdfe7c0:   0000000000000001 0000000100011128
0x00000045efdfe7d0:   0000000000000000 0000000000000010
0x00000045efdfe7e0:   0000000100001000 00000173fedf3cb8
0x00000045efdfe7f0:   0000000000001000 00007ffb3a3b4281
0x00000045efdfe800:   00000173e6806ef0 00000045efdfec08
0x00000045efdfe810:   00000045efdfec10 00000173fedf3cb8
0x00000045efdfe820:   0000000000000000 00000173fedf3408
0x00000045efdfe830:   00000173e6802800 00007ffb3a4928e0 

Instructions: (pc=0x00007ffb3a3b56d4)
0x00007ffb3a3b55d4:   3e 01 00 00 33 73 2e 3b 7b 0c 7d 29 48 63 c7 48
0x00007ffb3a3b55e4:   8d 14 c5 00 00 00 00 0f 1f 44 00 00 48 63 4b 08
0x00007ffb3a3b55f4:   ff c7 48 8b 03 48 03 ca 48 83 c2 08 4c 89 34 01
0x00007ffb3a3b5604:   3b 7b 0c 7c e7 48 8b 4d 1f 48 33 cc e8 1b 98 2e
0x00007ffb3a3b5614:   00 48 8b 9c 24 48 01 00 00 48 81 c4 00 01 00 00
0x00007ffb3a3b5624:   41 5f 41 5e 41 5d 41 5c 5f 5e 5d c3 48 8d 4c 24
0x00007ffb3a3b5634:   58 e8 86 c9 e4 ff 48 8d 4d 8f e8 0d c9 e4 ff eb
0x00007ffb3a3b5644:   c4 48 8d 4d 8f e8 72 c9 e4 ff 48 8d 4d e7 e8 f9
0x00007ffb3a3b5654:   c8 e4 ff eb b0 0f 1f 00 2f 52 4f 00 1a 52 4f 00
0x00007ffb3a3b5664:   12 52 4f 00 0a 52 4f 00 02 52 4f 00 fa 51 4f 00
0x00007ffb3a3b5674:   f2 51 4f 00 ea 51 4f 00 e2 51 4f 00 48 89 5c 24
0x00007ffb3a3b5684:   08 48 89 6c 24 10 48 89 74 24 18 57 48 83 ec 30
0x00007ffb3a3b5694:   f6 41 20 0a 49 8b d9 49 8b f8 4c 8b d2 0f 85 cc
0x00007ffb3a3b56a4:   00 00 00 4c 8b 49 08 41 0f b6 41 24 c0 e8 06 a8
0x00007ffb3a3b56b4:   01 0f 85 b8 00 00 00 49 8b 49 08 41 0f b7 41 2a
0x00007ffb3a3b56c4:   c7 44 24 28 01 00 00 00 c7 44 24 20 01 00 00 00
0x00007ffb3a3b56d4:   48 8b 74 c1 40 41 0f b7 41 2c 48 8b d6 45 33 c9
0x00007ffb3a3b56e4:   48 8b 6c c1 40 49 8b ca 4c 8b c5 e8 cc e7 e6 ff
0x00007ffb3a3b56f4:   48 85 c0 0f 85 76 00 00 00 48 85 ff 74 13 4c 8b
0x00007ffb3a3b5704:   c5 48 8b d6 48 8b cf e8 10 e9 e6 ff 48 85 c0 75
0x00007ffb3a3b5714:   5e 48 85 db 74 55 0f b6 7c 24 60 90 c7 44 24 28
0x00007ffb3a3b5724:   01 00 00 00 45 33 c9 4c 8b c5 c7 44 24 20 01 00
0x00007ffb3a3b5734:   00 00 48 8b d6 48 8b cb e8 3f e7 e6 ff 48 85 c0
0x00007ffb3a3b5744:   74 20 40 84 ff 74 28 f6 40 20 01 75 22 48 8b 40
0x00007ffb3a3b5754:   08 48 8b 48 08 48 8b 05 b8 41 5d 00 48 39 41 18
0x00007ffb3a3b5764:   75 0d 48 8b 5b 78 48 85 db 75 b1 b0 01 eb 02 32
0x00007ffb3a3b5774:   c0 48 8b 5c 24 40 48 8b 6c 24 48 48 8b 74 24 50
0x00007ffb3a3b5784:   48 83 c4 30 5f c3 cc cc cc cc cc cc 48 8b 01 8b
0x00007ffb3a3b5794:   88 a4 00 00 00 c1 e9 19 f6 c1 01 74 0c 80 3d 42
0x00007ffb3a3b57a4:   97 5c 00 00 75 03 b0 01 c3 32 c0 c3 4c 8b 89 98
0x00007ffb3a3b57b4:   01 00 00 49 63 09 48 85 c9 7e 17 90 49 8b 14 c9
0x00007ffb3a3b57c4:   44 8b 42 24 41 83 f8 f6 7e 0b 48 ff c9 48 85 c9 



---------------  P R O C E S S  ---------------

Threads class SMR info:
_java_thread_list=0x00000173e46702e0, length=0, elements={
}

Java Threads: ( => current thread )

Other Threads:
  0x00000173e681b000 GCTaskThread "GC Thread#0" [stack: 0x00000045efe00000,0x00000045eff00000] [id=13316]
  0x00000173e6825000 ConcurrentGCThread "G1 Main Marker" [stack: 0x00000045eff00000,0x00000045f0000000] [id=1700]
  0x00000173e6826800 ConcurrentGCThread "G1 Conc#0" [stack: 0x00000045f0000000,0x00000045f0100000] [id=1728]
  0x00000173e6890800 ConcurrentGCThread "G1 Refine#0" [stack: 0x00000045f0100000,0x00000045f0200000] [id=1712]
  0x00000173e6892000 ConcurrentGCThread "G1 Young RemSet Sampling" [stack: 0x00000045f0200000,0x00000045f0300000] [id=1696]

=>0x00000173e6802800 (exited) JavaThread "Unknown thread" [_thread_in_vm, id=14160, stack(0x00000045efd00000,0x00000045efe00000)]

Threads with active compile tasks:

VM state:not at safepoint (not fully initialized)

VM Mutex/Monitor currently owned by a thread: None

Heap address: 0x00000000fc000000, size: 64 MB, Compressed Oops mode: 32-bit
Narrow klass base: 0x0000000000000000, Narrow klass shift: 3
Compressed class space size: 1073741824 Address: 0x0000000100000000

GC Heap History (0 events):
No events

Deoptimization events (0 events):
No events

Classes redefined (0 events):
No events

Internal exceptions (0 events):
No events

Events (20 events):
Event: 0.046 loading class jdk/internal/loader/ClassLoaders done
Event: 0.046 loading class jdk/internal/loader/ClassLoaders$AppClassLoader
Event: 0.046 loading class jdk/internal/loader/BuiltinClassLoader
Event: 0.046 loading class jdk/internal/loader/BuiltinClassLoader done
Event: 0.046 loading class jdk/internal/loader/ClassLoaders$AppClassLoader done
Event: 0.046 loading class jdk/internal/loader/ClassLoaders$PlatformClassLoader
Event: 0.046 loading class jdk/internal/loader/ClassLoaders$PlatformClassLoader done
Event: 0.046 loading class java/security/CodeSource
Event: 0.046 loading class java/security/CodeSource done
Event: 0.046 loading class java/lang/StackTraceElement
Event: 0.046 loading class java/lang/StackTraceElement done
Event: 0.046 loading class java/nio/Buffer
Event: 0.046 loading class java/nio/Buffer done
Event: 0.046 loading class java/lang/StackWalker
Event: 0.047 loading class java/lang/StackWalker done
Event: 0.047 loading class java/lang/StackStreamFactory$AbstractStackWalker
Event: 0.047 loading class java/lang/StackStreamFactory$AbstractStackWalker done
Event: 0.047 loading class java/lang/StackFrameInfo
Event: 0.047 loading class java/lang/StackWalker$StackFrame
Event: 0.047 loading class java/lang/StackWalker$StackFrame done


Dynamic libraries:
0x00007ff659530000 - 0x00007ff65953d000 	C:\Program Files\Eclipse Adoptium\jdk-11.0.16.101-hotspot\bin\java.exe
0x00007ffbd4030000 - 0x00007ffbd4225000 	C:\Windows\SYSTEM32\ntdll.dll
0x00007ffb9cf80000 - 0x00007ffb9cf97000 	C:\Program Files\AVG\Antivirus\aswhook.dll
0x00007ffbd2250000 - 0x00007ffbd230e000 	C:\Windows\System32\KERNEL32.DLL
0x00007ffbd1830000 - 0x00007ffbd1af9000 	C:\Windows\System32\KERNELBASE.dll
0x00007ffbd1f80000 - 0x00007ffbd2080000 	C:\Windows\System32\ucrtbase.dll
0x00007ffb4fa50000 - 0x00007ffb4fa67000 	C:\Program Files\Eclipse Adoptium\jdk-11.0.16.101-hotspot\bin\jli.dll
0x00007ffbd3dd0000 - 0x00007ffbd3f71000 	C:\Windows\System32\USER32.dll
0x00007ffbd1f50000 - 0x00007ffbd1f72000 	C:\Windows\System32\win32u.dll
0x00007ffbd35e0000 - 0x00007ffbd360b000 	C:\Windows\System32\GDI32.dll
0x00007ffbbfd60000 - 0x00007ffbbfffa000 	C:\Windows\WinSxS\amd64_microsoft.windows.common-controls_6595b64144ccf1df_6.0.19041.1110_none_60b5254171f9507e\COMCTL32.dll
0x00007ffbd1d00000 - 0x00007ffbd1e0b000 	C:\Windows\System32\gdi32full.dll
0x00007ffb4ef00000 - 0x00007ffb4ef15000 	C:\Program Files\Eclipse Adoptium\jdk-11.0.16.101-hotspot\bin\VCRUNTIME140.dll
0x00007ffbd1b00000 - 0x00007ffbd1b9d000 	C:\Windows\System32\msvcp_win.dll
0x00007ffbd3280000 - 0x00007ffbd331e000 	C:\Windows\System32\msvcrt.dll
0x00007ffbd3850000 - 0x00007ffbd3880000 	C:\Windows\System32\IMM32.DLL
0x00007ffb3aa50000 - 0x00007ffb3aaeb000 	C:\Program Files\Eclipse Adoptium\jdk-11.0.16.101-hotspot\bin\msvcp140.dll
0x00007ffb39ec0000 - 0x00007ffb3aa42000 	C:\Program Files\Eclipse Adoptium\jdk-11.0.16.101-hotspot\bin\server\jvm.dll
0x00007ffbd3510000 - 0x00007ffbd35bc000 	C:\Windows\System32\ADVAPI32.dll
0x00007ffbd21b0000 - 0x00007ffbd224b000 	C:\Windows\System32\sechost.dll
0x00007ffbd2310000 - 0x00007ffbd243a000 	C:\Windows\System32\RPCRT4.dll
0x00007ffbd21a0000 - 0x00007ffbd21a8000 	C:\Windows\System32\PSAPI.DLL
0x00007ffbbfad0000 - 0x00007ffbbfaf7000 	C:\Windows\SYSTEM32\WINMM.dll
0x00007ffbc9760000 - 0x00007ffbc976a000 	C:\Windows\SYSTEM32\VERSION.dll
0x00007ffbbe9d0000 - 0x00007ffbbe9d9000 	C:\Windows\SYSTEM32\WSOCK32.dll
0x00007ffbd33e0000 - 0x00007ffbd344b000 	C:\Windows\System32\WS2_32.dll
0x00007ffbcff90000 - 0x00007ffbcffa2000 	C:\Windows\SYSTEM32\kernel.appcore.dll
0x00007ffb64170000 - 0x00007ffb64180000 	C:\Program Files\Eclipse Adoptium\jdk-11.0.16.101-hotspot\bin\verify.dll
0x00007ffbcf5e0000 - 0x00007ffbcf7c4000 	C:\Windows\SYSTEM32\DBGHELP.DLL
0x00007ffbc7a20000 - 0x00007ffbc7a4c000 	C:\Windows\SYSTEM32\dbgcore.DLL
0x00007ffbd1e10000 - 0x00007ffbd1e93000 	C:\Windows\System32\bcryptPrimitives.dll
0x00007ffb39e90000 - 0x00007ffb39eb8000 	C:\Program Files\Eclipse Adoptium\jdk-11.0.16.101-hotspot\bin\java.dll
0x00007ffb64040000 - 0x00007ffb6404a000 	C:\Program Files\Eclipse Adoptium\jdk-11.0.16.101-hotspot\bin\jimage.dll
0x00007ffb39e70000 - 0x00007ffb39e88000 	C:\Program Files\Eclipse Adoptium\jdk-11.0.16.101-hotspot\bin\zip.dll

dbghelp: loaded successfully - version: 4.0.5 - missing functions: none
symbol engine: initialized successfully - sym options: 0x614 - pdb path: .;C:\Program Files\Eclipse Adoptium\jdk-11.0.16.101-hotspot\bin;C:\Windows\SYSTEM32;C:\Program Files\AVG\Antivirus;C:\Windows\WinSxS\amd64_microsoft.windows.common-controls_6595b64144ccf1df_6.0.19041.1110_none_60b5254171f9507e;C:\Program Files\Eclipse Adoptium\jdk-11.0.16.101-hotspot\bin\server

VM Arguments:
jvm_args: -Xmx64m -Xms64m -Dorg.gradle.appname=gradlew 
java_command: org.gradle.wrapper.GradleWrapperMain app:installDebug -PreactNativeDevServerPort=8081
java_class_path (initial): D:\Project\Github\appOneTS\android\\gradle\wrapper\gradle-wrapper.jar
Launcher Type: SUN_STANDARD

[Global flags]
     intx CICompilerCount                          = 4                                         {product} {ergonomic}
     uint ConcGCThreads                            = 2                                         {product} {ergonomic}
     uint G1ConcRefinementThreads                  = 8                                         {product} {ergonomic}
   size_t G1HeapRegionSize                         = 1048576                                   {product} {ergonomic}
    uintx GCDrainStackTargetSize                   = 64                                        {product} {ergonomic}
   size_t InitialHeapSize                          = 67108864                                  {product} {command line}
   size_t MarkStackSize                            = 4194304                                   {product} {ergonomic}
   size_t MaxHeapSize                              = 67108864                                  {product} {command line}
   size_t MaxNewSize                               = 39845888                                  {product} {ergonomic}
   size_t MinHeapDeltaBytes                        = 1048576                                   {product} {ergonomic}
    uintx NonNMethodCodeHeapSize                   = 5836300                                {pd product} {ergonomic}
    uintx NonProfiledCodeHeapSize                  = 122910970                              {pd product} {ergonomic}
    uintx ProfiledCodeHeapSize                     = 122910970                              {pd product} {ergonomic}
    uintx ReservedCodeCacheSize                    = 251658240                              {pd product} {ergonomic}
     bool SegmentedCodeCache                       = true                                      {product} {ergonomic}
     bool UseCompressedClassPointers               = true                                 {lp64_product} {ergonomic}
     bool UseCompressedOops                        = true                                 {lp64_product} {ergonomic}
     bool UseG1GC                                  = true                                      {product} {ergonomic}
     bool UseLargePagesIndividualAllocation        = false                                  {pd product} {ergonomic}

Logging:
Log output configuration:
 #0: stdout all=warning uptime,level,tags
 #1: stderr all=off uptime,level,tags

Environment Variables:
CLASSPATH=D:\Project\Github\appOneTS\android\\gradle\wrapper\gradle-wrapper.jar
PATH=D:\Project\Github\appOneTS\android\node_modules\.bin;D:\Project\Github\appOneTS\node_modules\.bin;D:\Project\Github\node_modules\.bin;D:\Project\node_modules\.bin;D:\node_modules\.bin;C:\Program Files\nodejs;D:\Project\Github\appOneTS\node_modules\.bin;D:\Project\Github\node_modules\.bin;D:\Project\node_modules\.bin;D:\node_modules\.bin;C:\Program Files\nodejs\node_modules\npm\node_modules\@npmcli\run-script\lib\node-gyp-bin;C:\Program Files\Eclipse Adoptium\jdk-11.0.16.101-hotspot\bin;C:\Windows\system32;C:\Windows;C:\Windows\System32\Wbem;C:\Windows\System32\WindowsPowerShell\v1.0\;C:\Windows\System32\OpenSSH\;C:\ProgramData\chocolatey\bin;C:\Program Files\nodejs\;C:\Program Files\Intel\WiFi\bin\;C:\Program Files\Common Files\Intel\WirelessCommon\;C:\Program Files\Microsoft SQL Server\Client SDK\ODBC\170\Tools\Binn\;C:\Program Files (x86)\Microsoft SQL Server\150\Tools\Binn\;C:\Program Files\Microsoft SQL Server\150\Tools\Binn\;C:\Program Files\Microsoft SQL Server\150\DTS\Binn\;C:\Program Files (x86)\Microsoft SQL Server\150\DTS\Binn\;C:\Program Files\Azure Data Studio\bin;C:\Program Files\dotnet\;C:\Users\kenne\AppData\Local\Microsoft\WindowsApps;C:\Users\kenne\AppData\Local\Programs\Microsoft VS Code\bin;C:\Users\kenne\AppData\Roaming\npm;C:\Users\kenne\AppData\Local\Android\Sdk\platform-tools;C:\Program Files\Azure Data Studio\bin;C:\Users\kenne\AppData\Local\GitHubDesktop\bin;C:\Users\kenne\.dotnet\tools;D:\Project\Github\appOneTS\node_modules\.bin
USERNAME=kenne
LANG=en_US.UTF-8
OS=Windows_NT
PROCESSOR_IDENTIFIER=Intel64 Family 6 Model 142 Stepping 10, GenuineIntel
TMP=C:\Users\kenne\AppData\Local\Temp
TEMP=C:\Users\kenne\AppData\Local\Temp



---------------  S Y S T E M  ---------------

OS: Windows 10 , 64 bit Build 19041 (10.0.19041.1202)
OS uptime: 0 days 0:03 hours
Hyper-V role detected

CPU:total 8 (initial active 8) (4 cores per cpu, 2 threads per core) family 6 model 142 stepping 10 microcode 0xf0, cmov, cx8, fxsr, mmx, sse, sse2, sse3, ssse3, sse4.1, sse4.2, popcnt, avx, avx2, aes, clmul, erms, rtm, 3dnowpref, lzcnt, ht, tsc, tscinvbit, bmi1, bmi2, adx, fma

Memory: 4k page, system-wide physical 16218M (8458M free)
TotalPageFile size 19162M (AvailPageFile size 10960M)
current process WorkingSet (physical memory assigned to process): 16M, peak: 16M
current process commit charge ("private bytes"): 132M, peak: 132M

vm_info: OpenJDK 64-Bit Server VM (11.0.16.1+1) for windows-amd64 JRE (11.0.16.1+1), built on Aug 16 2022 02:58:04 by "" with MS VC++ 15.9 (VS2017)

END.
